<?xml version="1.0" encoding="UTF-8"?>
<!-- Generated by org.testng.reporters.JUnitXMLReporter -->
<testsuite ignored="0" hostname="LegionSimone" failures="1" tests="10" name="ApiTesting" time="2.681" errors="0" timestamp="2021-09-19T08:26:07 CEST">
  <testcase classname="tests.ApiTest" name="DeleteThePost" time="0.975"/>
  <testcase classname="tests.ApiTest" name="DeleteTheUser" time="0.336"/>
  <testcase classname="tests.ApiTest" name="GetAllAlbumOfTheUser" time="0.125"/>
  <testcase classname="tests.ApiTest" name="GetAllAlbums" time="0.101"/>
  <testcase classname="tests.ApiTest" name="GetAllPostOfTheUser" time="0.316"/>
  <testcase classname="tests.ApiTest" name="GetAllPosts" time="0.112"/>
  <testcase classname="tests.ApiTest" name="GetAllTodoOfTheUser" time="0.186"/>
  <testcase classname="tests.ApiTest" name="GetAllTodos" time="0.107"/>
  <testcase classname="tests.ApiTest" name="GetAllUsers" time="0.089"/>
  <testcase classname="tests.ApiTest" name="PerformCall" time="0.0">
    <failure type="org.testng.TestNGException" message="
Parameter &amp;apos;basepath&amp;apos; is required by @Test on method PerformCall but has not been marked @Optional or defined
in C:\Users\simon\AppData\Local\JetBrains\IdeaIC2021.2\temp-testng-customsuite.xml">
      <![CDATA[org.testng.TestNGException: 
Parameter 'basepath' is required by @Test on method PerformCall but has not been marked @Optional or defined
in C:\Users\simon\AppData\Local\JetBrains\IdeaIC2021.2\temp-testng-customsuite.xml
at java.base/java.util.ArrayList.forEach(ArrayList.java:1541)
at com.intellij.rt.testng.IDEARemoteTestNG.run(IDEARemoteTestNG.java:66)
at com.intellij.rt.testng.RemoteTestNGStarter.main(RemoteTestNGStarter.java:109)
... Removed 23 stack frames]]>
    </failure>
  </testcase> <!-- PerformCall -->
</testsuite> <!-- ApiTesting -->
