<?xml version="1.0" encoding="UTF-8"?>
<testng-results ignored="0" total="16" passed="15" failed="1" skipped="0">
  <reporter-output>
  </reporter-output>
  <suite started-at="2021-09-20T14:33:57 CEST" name="Default Suite" finished-at="2021-09-20T14:34:02 CEST" duration-ms="5478">
    <groups>
    </groups>
    <test started-at="2021-09-20T14:33:57 CEST" name="ApiTesting" finished-at="2021-09-20T14:34:02 CEST" duration-ms="5478">
      <class name="tests.ApiTest">
        <test-method is-config="true" signature="setup()[pri:0, instance:tests.ApiTest@78aa1f72]" started-at="2021-09-20T14:33:57 CEST" name="setup" finished-at="2021-09-20T14:33:57 CEST" duration-ms="306" status="PASS">
          <reporter-output>
          </reporter-output>
        </test-method> <!-- setup -->
        <test-method signature="DeleteThePost()[pri:0, instance:tests.ApiTest@78aa1f72]" started-at="2021-09-20T14:33:57 CEST" name="DeleteThePost" finished-at="2021-09-20T14:33:58 CEST" duration-ms="1051" status="PASS">
          <reporter-output>
          </reporter-output>
        </test-method> <!-- DeleteThePost -->
        <test-method signature="DeleteTheUser()[pri:0, instance:tests.ApiTest@78aa1f72]" started-at="2021-09-20T14:33:58 CEST" name="DeleteTheUser" finished-at="2021-09-20T14:33:58 CEST" duration-ms="354" status="PASS">
          <reporter-output>
          </reporter-output>
        </test-method> <!-- DeleteTheUser -->
        <test-method signature="GetAllAlbumOfTheUser()[pri:0, instance:tests.ApiTest@78aa1f72]" started-at="2021-09-20T14:33:58 CEST" name="GetAllAlbumOfTheUser" finished-at="2021-09-20T14:33:59 CEST" duration-ms="357" status="PASS">
          <reporter-output>
          </reporter-output>
        </test-method> <!-- GetAllAlbumOfTheUser -->
        <test-method signature="GetAllAlbums()[pri:0, instance:tests.ApiTest@78aa1f72]" started-at="2021-09-20T14:33:59 CEST" name="GetAllAlbums" finished-at="2021-09-20T14:33:59 CEST" duration-ms="107" status="PASS">
          <reporter-output>
          </reporter-output>
        </test-method> <!-- GetAllAlbums -->
        <test-method signature="GetAllPostOfTheUser()[pri:0, instance:tests.ApiTest@78aa1f72]" started-at="2021-09-20T14:33:59 CEST" name="GetAllPostOfTheUser" finished-at="2021-09-20T14:33:59 CEST" duration-ms="370" status="PASS">
          <reporter-output>
          </reporter-output>
        </test-method> <!-- GetAllPostOfTheUser -->
        <test-method signature="GetAllPosts()[pri:0, instance:tests.ApiTest@78aa1f72]" started-at="2021-09-20T14:33:59 CEST" name="GetAllPosts" finished-at="2021-09-20T14:33:59 CEST" duration-ms="95" status="PASS">
          <reporter-output>
          </reporter-output>
        </test-method> <!-- GetAllPosts -->
        <test-method signature="GetAllTodoOfTheUser()[pri:0, instance:tests.ApiTest@78aa1f72]" started-at="2021-09-20T14:33:59 CEST" name="GetAllTodoOfTheUser" finished-at="2021-09-20T14:34:00 CEST" duration-ms="362" status="PASS">
          <reporter-output>
          </reporter-output>
        </test-method> <!-- GetAllTodoOfTheUser -->
        <test-method signature="GetAllTodos()[pri:0, instance:tests.ApiTest@78aa1f72]" started-at="2021-09-20T14:34:00 CEST" name="GetAllTodos" finished-at="2021-09-20T14:34:00 CEST" duration-ms="138" status="PASS">
          <reporter-output>
          </reporter-output>
        </test-method> <!-- GetAllTodos -->
        <test-method signature="GetAllUsers()[pri:0, instance:tests.ApiTest@78aa1f72]" started-at="2021-09-20T14:34:00 CEST" name="GetAllUsers" finished-at="2021-09-20T14:34:00 CEST" duration-ms="95" status="PASS">
          <reporter-output>
          </reporter-output>
        </test-method> <!-- GetAllUsers -->
        <test-method signature="PatchThePost()[pri:0, instance:tests.ApiTest@78aa1f72]" started-at="2021-09-20T14:34:00 CEST" name="PatchThePost" finished-at="2021-09-20T14:34:00 CEST" duration-ms="369" status="PASS">
          <reporter-output>
          </reporter-output>
        </test-method> <!-- PatchThePost -->
        <test-method signature="PerformCall(java.lang.String)[pri:0, instance:tests.ApiTest@78aa1f72]" started-at="2021-09-20T14:34:00 CEST" name="PerformCall" finished-at="2021-09-20T14:34:00 CEST" duration-ms="0" status="FAIL">
          <exception class="org.testng.TestNGException">
            <message>
              <![CDATA[
Parameter 'basepath' is required by @Test on method PerformCall but has not been marked @Optional or defined
in C:\Users\simon\AppData\Local\JetBrains\IdeaIC2021.2\temp-testng-customsuite.xml]]>
            </message>
            <full-stacktrace>
              <![CDATA[org.testng.TestNGException: 
Parameter 'basepath' is required by @Test on method PerformCall but has not been marked @Optional or defined
in C:\Users\simon\AppData\Local\JetBrains\IdeaIC2021.2\temp-testng-customsuite.xml
at org.testng.internal.Parameters.createParams(Parameters.java:270)
at org.testng.internal.Parameters.createParametersForMethod(Parameters.java:358)
at org.testng.internal.Parameters.createParameters(Parameters.java:700)
at org.testng.internal.Parameters.handleParameters(Parameters.java:884)
at org.testng.internal.Parameters.handleParameters(Parameters.java:740)
at org.testng.internal.ParameterHandler.handleParameters(ParameterHandler.java:59)
at org.testng.internal.ParameterHandler.createParameters(ParameterHandler.java:38)
at org.testng.internal.TestInvoker$MethodInvocationAgent.invoke(TestInvoker.java:791)
at org.testng.internal.TestInvoker.invokeTestMethods(TestInvoker.java:146)
at org.testng.internal.TestMethodWorker.invokeTestMethods(TestMethodWorker.java:146)
at org.testng.internal.TestMethodWorker.run(TestMethodWorker.java:128)
at java.base/java.util.ArrayList.forEach(ArrayList.java:1541)
at org.testng.TestRunner.privateRun(TestRunner.java:794)
at org.testng.TestRunner.run(TestRunner.java:596)
at org.testng.SuiteRunner.runTest(SuiteRunner.java:377)
at org.testng.SuiteRunner.runSequentially(SuiteRunner.java:371)
at org.testng.SuiteRunner.privateRun(SuiteRunner.java:332)
at org.testng.SuiteRunner.run(SuiteRunner.java:276)
at org.testng.SuiteRunnerWorker.runSuite(SuiteRunnerWorker.java:53)
at org.testng.SuiteRunnerWorker.run(SuiteRunnerWorker.java:96)
at org.testng.TestNG.runSuitesSequentially(TestNG.java:1212)
at org.testng.TestNG.runSuitesLocally(TestNG.java:1134)
at org.testng.TestNG.runSuites(TestNG.java:1063)
at org.testng.TestNG.run(TestNG.java:1031)
at com.intellij.rt.testng.IDEARemoteTestNG.run(IDEARemoteTestNG.java:66)
at com.intellij.rt.testng.RemoteTestNGStarter.main(RemoteTestNGStarter.java:109)
]]>
            </full-stacktrace>
          </exception> <!-- org.testng.TestNGException -->
          <reporter-output>
          </reporter-output>
        </test-method> <!-- PerformCall -->
        <test-method signature="PostNewAlbumForTheUser()[pri:0, instance:tests.ApiTest@78aa1f72]" started-at="2021-09-20T14:34:00 CEST" name="PostNewAlbumForTheUser" finished-at="2021-09-20T14:34:01 CEST" duration-ms="409" status="PASS">
          <reporter-output>
          </reporter-output>
        </test-method> <!-- PostNewAlbumForTheUser -->
        <test-method signature="PostNewPost()[pri:0, instance:tests.ApiTest@78aa1f72]" started-at="2021-09-20T14:34:01 CEST" name="PostNewPost" finished-at="2021-09-20T14:34:01 CEST" duration-ms="367" status="PASS">
          <reporter-output>
          </reporter-output>
        </test-method> <!-- PostNewPost -->
        <test-method signature="PostNewPostForTheUser()[pri:0, instance:tests.ApiTest@78aa1f72]" started-at="2021-09-20T14:34:01 CEST" name="PostNewPostForTheUser" finished-at="2021-09-20T14:34:02 CEST" duration-ms="350" status="PASS">
          <reporter-output>
          </reporter-output>
        </test-method> <!-- PostNewPostForTheUser -->
        <test-method signature="PostNewTODoForTheUser()[pri:0, instance:tests.ApiTest@78aa1f72]" started-at="2021-09-20T14:34:02 CEST" name="PostNewTODoForTheUser" finished-at="2021-09-20T14:34:02 CEST" duration-ms="341" status="PASS">
          <reporter-output>
          </reporter-output>
        </test-method> <!-- PostNewTODoForTheUser -->
        <test-method signature="PutThePost()[pri:0, instance:tests.ApiTest@78aa1f72]" started-at="2021-09-20T14:34:02 CEST" name="PutThePost" finished-at="2021-09-20T14:34:02 CEST" duration-ms="366" status="PASS">
          <reporter-output>
          </reporter-output>
        </test-method> <!-- PutThePost -->
      </class> <!-- tests.ApiTest -->
    </test> <!-- ApiTesting -->
  </suite> <!-- Default Suite -->
</testng-results>
