<?xml version="1.0" encoding="UTF-8"?>
<testng-results ignored="0" total="3" passed="3" failed="0" skipped="0">
  <reporter-output>
  </reporter-output>
  <suite started-at="2021-09-21T10:11:35 CEST" name="jsonplaceholder" finished-at="2021-09-21T10:11:36 CEST" duration-ms="1483">
    <groups>
    </groups>
    <test started-at="2021-09-21T10:11:35 CEST" name=" Get all posts" finished-at="2021-09-21T10:11:36 CEST" duration-ms="1182">
      <class name="tests.Suite">
        <test-method is-config="true" signature="setup(java.lang.String)[pri:0, instance:tests.Suite@6057aebb]" started-at="2021-09-21T10:11:35 CEST" name="setup" finished-at="2021-09-21T10:11:35 CEST" duration-ms="305" status="PASS">
          <params>
            <param index="0">
              <value>
                <![CDATA[https://jsonplaceholder.typicode.com/]]>
              </value>
            </param>
          </params>
          <reporter-output>
          </reporter-output>
        </test-method> <!-- setup -->
        <test-method signature="PerformCall(java.lang.String)[pri:0, instance:tests.Suite@6057aebb]" started-at="2021-09-21T10:11:35 CEST" name="PerformCall" finished-at="2021-09-21T10:11:36 CEST" duration-ms="858" status="PASS">
          <params>
            <param index="0">
              <value>
                <![CDATA[/posts]]>
              </value>
            </param>
          </params>
          <reporter-output>
          </reporter-output>
        </test-method> <!-- PerformCall -->
      </class> <!-- tests.Suite -->
    </test> <!--  Get all posts -->
    <test started-at="2021-09-21T10:11:36 CEST" name=" Get all Users" finished-at="2021-09-21T10:11:36 CEST" duration-ms="112">
      <class name="tests.Suite">
        <test-method is-config="true" signature="setup(java.lang.String)[pri:0, instance:tests.Suite@59cba5a]" started-at="2021-09-21T10:11:36 CEST" name="setup" finished-at="2021-09-21T10:11:36 CEST" duration-ms="1" status="PASS">
          <params>
            <param index="0">
              <value>
                <![CDATA[https://jsonplaceholder.typicode.com/]]>
              </value>
            </param>
          </params>
          <reporter-output>
          </reporter-output>
        </test-method> <!-- setup -->
        <test-method signature="PerformCall(java.lang.String)[pri:0, instance:tests.Suite@59cba5a]" started-at="2021-09-21T10:11:36 CEST" name="PerformCall" finished-at="2021-09-21T10:11:36 CEST" duration-ms="111" status="PASS">
          <params>
            <param index="0">
              <value>
                <![CDATA[/users]]>
              </value>
            </param>
          </params>
          <reporter-output>
          </reporter-output>
        </test-method> <!-- PerformCall -->
      </class> <!-- tests.Suite -->
    </test> <!--  Get all Users -->
    <test started-at="2021-09-21T10:11:36 CEST" name=" Get all To do" finished-at="2021-09-21T10:11:36 CEST" duration-ms="159">
      <class name="tests.Suite">
        <test-method is-config="true" signature="setup(java.lang.String)[pri:0, instance:tests.Suite@71329995]" started-at="2021-09-21T10:11:36 CEST" name="setup" finished-at="2021-09-21T10:11:36 CEST" duration-ms="1" status="PASS">
          <params>
            <param index="0">
              <value>
                <![CDATA[https://jsonplaceholder.typicode.com/]]>
              </value>
            </param>
          </params>
          <reporter-output>
          </reporter-output>
        </test-method> <!-- setup -->
        <test-method signature="PerformCall(java.lang.String)[pri:0, instance:tests.Suite@71329995]" started-at="2021-09-21T10:11:36 CEST" name="PerformCall" finished-at="2021-09-21T10:11:36 CEST" duration-ms="158" status="PASS">
          <params>
            <param index="0">
              <value>
                <![CDATA[/todos]]>
              </value>
            </param>
          </params>
          <reporter-output>
          </reporter-output>
        </test-method> <!-- PerformCall -->
      </class> <!-- tests.Suite -->
    </test> <!--  Get all To do -->
  </suite> <!-- jsonplaceholder -->
</testng-results>
